<?xml version="1.0" encoding="UTF-8"?>
<testng-results ignored="0" total="11" passed="10" failed="1" skipped="0">
  <reporter-output>
  </reporter-output>
  <suite started-at="2019-11-28T14:54:37 NZDT" name="Default suite" finished-at="2019-11-28T14:58:31 NZDT" duration-ms="233429">
    <groups>
    </groups>
    <test started-at="2019-11-28T14:54:37 NZDT" name="Default test" finished-at="2019-11-28T14:58:31 NZDT" duration-ms="233429">
      <class name="Test.Tests">
        <test-method signature="testRegister()[pri:0, instance:Test.Tests@61386958]" started-at="2019-11-28T14:54:37 NZDT" name="testRegister" finished-at="2019-11-28T14:55:27 NZDT" duration-ms="49566" status="PASS">
          <reporter-output>
          </reporter-output>
        </test-method> <!-- testRegister -->
        <test-method signature="testLoginLogout()[pri:0, instance:Test.Tests@61386958]" started-at="2019-11-28T14:55:27 NZDT" name="testLoginLogout" finished-at="2019-11-28T14:55:42 NZDT" depends-on-methods="Test.Tests.testRegister" duration-ms="15123" status="PASS">
          <reporter-output>
          </reporter-output>
        </test-method> <!-- testLoginLogout -->
        <test-method signature="testSingleBet()[pri:0, instance:Test.Tests@61386958]" started-at="2019-11-28T14:55:42 NZDT" name="testSingleBet" finished-at="2019-11-28T14:56:04 NZDT" depends-on-methods="Test.Tests.testLoginLogout" duration-ms="21927" status="PASS">
          <reporter-output>
          </reporter-output>
        </test-method> <!-- testSingleBet -->
        <test-method signature="testFailedSingleBet()[pri:0, instance:Test.Tests@61386958]" started-at="2019-11-28T14:56:04 NZDT" name="testFailedSingleBet" finished-at="2019-11-28T14:56:26 NZDT" depends-on-methods="Test.Tests.testSingleBet" duration-ms="21888" status="PASS">
          <reporter-output>
          </reporter-output>
        </test-method> <!-- testFailedSingleBet -->
        <test-method signature="testNotLoggedInBet()[pri:0, instance:Test.Tests@61386958]" started-at="2019-11-28T14:56:26 NZDT" name="testNotLoggedInBet" finished-at="2019-11-28T14:56:44 NZDT" depends-on-methods="Test.Tests.testFailedSingleBet" duration-ms="17845" status="PASS">
          <reporter-output>
          </reporter-output>
        </test-method> <!-- testNotLoggedInBet -->
        <test-method signature="testMultiBet()[pri:0, instance:Test.Tests@61386958]" started-at="2019-11-28T14:56:44 NZDT" name="testMultiBet" finished-at="2019-11-28T14:57:06 NZDT" depends-on-methods="Test.Tests.testNotLoggedInBet" duration-ms="22607" status="PASS">
          <reporter-output>
          </reporter-output>
        </test-method> <!-- testMultiBet -->
        <test-method signature="testRemoveBetslip()[pri:0, instance:Test.Tests@61386958]" started-at="2019-11-28T14:57:06 NZDT" name="testRemoveBetslip" finished-at="2019-11-28T14:57:25 NZDT" depends-on-methods="Test.Tests.testMultiBet" duration-ms="18349" status="PASS">
          <reporter-output>
          </reporter-output>
        </test-method> <!-- testRemoveBetslip -->
        <test-method signature="testChromeSmallFormFactor()[pri:0, instance:Test.Tests@61386958]" started-at="2019-11-28T14:57:25 NZDT" name="testChromeSmallFormFactor" finished-at="2019-11-28T14:57:43 NZDT" depends-on-methods="Test.Tests.testRemoveBetslip" duration-ms="18158" status="PASS">
          <reporter-output>
          </reporter-output>
        </test-method> <!-- testChromeSmallFormFactor -->
        <test-method signature="testChromeLargeFormFactor()[pri:0, instance:Test.Tests@61386958]" started-at="2019-11-28T14:57:43 NZDT" name="testChromeLargeFormFactor" finished-at="2019-11-28T14:58:00 NZDT" depends-on-methods="Test.Tests.testChromeSmallFormFactor" duration-ms="17616" status="PASS">
          <reporter-output>
          </reporter-output>
        </test-method> <!-- testChromeLargeFormFactor -->
        <test-method signature="testChromeFullScreenFormFactor()[pri:0, instance:Test.Tests@61386958]" started-at="2019-11-28T14:58:00 NZDT" name="testChromeFullScreenFormFactor" finished-at="2019-11-28T14:58:19 NZDT" depends-on-methods="Test.Tests.testChromeLargeFormFactor" duration-ms="18108" status="PASS">
          <reporter-output>
          </reporter-output>
        </test-method> <!-- testChromeFullScreenFormFactor -->
        <test-method signature="testFirefox()[pri:0, instance:Test.Tests@61386958]" started-at="2019-11-28T14:58:19 NZDT" name="testFirefox" finished-at="2019-11-28T14:58:31 NZDT" depends-on-methods="Test.Tests.testChromeFullScreenFormFactor" duration-ms="12098" status="FAIL">
          <exception class="org.openqa.selenium.NoSuchElementException">
            <message>
              <![CDATA[Unable to locate element: //*[@id="app"]/div/div/div/main/section[1]/div[1]/div[1]/div/div[2]/div/div[1]/div/div/div/div/article/ul/div/li[4]/a
For documentation on this error, please visit: https://www.seleniumhq.org/exceptions/no_such_element.html
Build info: version: '4.0.0-alpha-3', revision: '8c567de6dc'
System info: host: 'Camerons-MBP', ip: 'fe80:0:0:0:1460:3849:2757:5bfd%en0', os.name: 'Mac OS X', os.arch: 'x86_64', os.version: '10.14.6', java.version: '9.0.4'
Driver info: org.openqa.selenium.firefox.FirefoxDriver
Capabilities {acceptInsecureCerts: true, browserName: firefox, browserVersion: 70.0.1, javascriptEnabled: true, moz:accessibilityChecks: false, moz:buildID: 20191030021342, moz:geckodriverVersion: 0.26.0, moz:headless: false, moz:processID: 30815, moz:profile: /var/folders/9j/lnj_12rd5qx..., moz:shutdownTimeout: 60000, moz:useNonSpecCompliantPointerOrigin: false, moz:webdriverClick: true, pageLoadStrategy: normal, platform: MAC, platformName: MAC, platformVersion: 18.7.0, rotatable: false, setWindowRect: true, strictFileInteractability: false, timeouts: {implicit: 0, pageLoad: 300000, script: 30000}, unhandledPromptBehavior: dismiss and notify}
Session ID: 5d6ab1b4-c449-a447-af2f-f12072d9035a
*** Element info: {Using=xpath, value=//*[@id="app"]/div/div/div/main/section[1]/div[1]/div[1]/div/div[2]/div/div[1]/div/div/div/div/article/ul/div/li[4]/a}]]>
            </message>
            <full-stacktrace>
              <![CDATA[org.openqa.selenium.NoSuchElementException: Unable to locate element: //*[@id="app"]/div/div/div/main/section[1]/div[1]/div[1]/div/div[2]/div/div[1]/div/div/div/div/article/ul/div/li[4]/a
For documentation on this error, please visit: https://www.seleniumhq.org/exceptions/no_such_element.html
Build info: version: '4.0.0-alpha-3', revision: '8c567de6dc'
System info: host: 'Camerons-MBP', ip: 'fe80:0:0:0:1460:3849:2757:5bfd%en0', os.name: 'Mac OS X', os.arch: 'x86_64', os.version: '10.14.6', java.version: '9.0.4'
Driver info: org.openqa.selenium.firefox.FirefoxDriver
Capabilities {acceptInsecureCerts: true, browserName: firefox, browserVersion: 70.0.1, javascriptEnabled: true, moz:accessibilityChecks: false, moz:buildID: 20191030021342, moz:geckodriverVersion: 0.26.0, moz:headless: false, moz:processID: 30815, moz:profile: /var/folders/9j/lnj_12rd5qx..., moz:shutdownTimeout: 60000, moz:useNonSpecCompliantPointerOrigin: false, moz:webdriverClick: true, pageLoadStrategy: normal, platform: MAC, platformName: MAC, platformVersion: 18.7.0, rotatable: false, setWindowRect: true, strictFileInteractability: false, timeouts: {implicit: 0, pageLoad: 300000, script: 30000}, unhandledPromptBehavior: dismiss and notify}
Session ID: 5d6ab1b4-c449-a447-af2f-f12072d9035a
*** Element info: {Using=xpath, value=//*[@id="app"]/div/div/div/main/section[1]/div[1]/div[1]/div/div[2]/div/div[1]/div/div/div/div/article/ul/div/li[4]/a}
at java.base/jdk.internal.reflect.NativeConstructorAccessorImpl.newInstance0(Native Method)
at java.base/jdk.internal.reflect.NativeConstructorAccessorImpl.newInstance(NativeConstructorAccessorImpl.java:62)
at java.base/jdk.internal.reflect.DelegatingConstructorAccessorImpl.newInstance(DelegatingConstructorAccessorImpl.java:45)
at java.base/java.lang.reflect.Constructor.newInstance(Constructor.java:488)
at org.openqa.selenium.remote.codec.w3c.W3CHttpResponseCodec.createException(W3CHttpResponseCodec.java:191)
at org.openqa.selenium.remote.codec.w3c.W3CHttpResponseCodec.decode(W3CHttpResponseCodec.java:125)
at org.openqa.selenium.remote.codec.w3c.W3CHttpResponseCodec.decode(W3CHttpResponseCodec.java:52)
at org.openqa.selenium.remote.HttpCommandExecutor.execute(HttpCommandExecutor.java:161)
at org.openqa.selenium.remote.service.DriverCommandExecutor.execute(DriverCommandExecutor.java:83)
at org.openqa.selenium.remote.RemoteWebDriver.execute(RemoteWebDriver.java:576)
at org.openqa.selenium.remote.RemoteWebDriver.findElement(RemoteWebDriver.java:327)
at org.openqa.selenium.remote.RemoteWebDriver.findElementByXPath(RemoteWebDriver.java:445)
at org.openqa.selenium.By$ByXPath.findElement(By.java:396)
at org.openqa.selenium.remote.RemoteWebDriver.findElement(RemoteWebDriver.java:319)
at Pages.Locators.quickMultiBtn(Locators.java:199)
at Test.Tests.testFirefox(Tests.java:583)
at java.base/jdk.internal.reflect.NativeMethodAccessorImpl.invoke0(Native Method)
at java.base/jdk.internal.reflect.NativeMethodAccessorImpl.invoke(NativeMethodAccessorImpl.java:62)
at java.base/jdk.internal.reflect.DelegatingMethodAccessorImpl.invoke(DelegatingMethodAccessorImpl.java:43)
at java.base/java.lang.reflect.Method.invoke(Method.java:564)
at org.testng.internal.MethodInvocationHelper.invokeMethod(MethodInvocationHelper.java:133)
at org.testng.internal.TestInvoker.invokeMethod(TestInvoker.java:584)
at org.testng.internal.TestInvoker.invokeTestMethod(TestInvoker.java:172)
at org.testng.internal.MethodRunner.runInSequence(MethodRunner.java:46)
at org.testng.internal.TestInvoker$MethodInvocationAgent.invoke(TestInvoker.java:804)
at org.testng.internal.TestInvoker.invokeTestMethods(TestInvoker.java:145)
at org.testng.internal.TestMethodWorker.invokeTestMethods(TestMethodWorker.java:146)
at org.testng.internal.TestMethodWorker.run(TestMethodWorker.java:128)
at java.base/java.util.ArrayList.forEach(ArrayList.java:1380)
at org.testng.TestRunner.privateRun(TestRunner.java:770)
at org.testng.TestRunner.run(TestRunner.java:591)
at org.testng.SuiteRunner.runTest(SuiteRunner.java:402)
at org.testng.SuiteRunner.runSequentially(SuiteRunner.java:396)
at org.testng.SuiteRunner.privateRun(SuiteRunner.java:355)
at org.testng.SuiteRunner.run(SuiteRunner.java:304)
at org.testng.SuiteRunnerWorker.runSuite(SuiteRunnerWorker.java:53)
at org.testng.SuiteRunnerWorker.run(SuiteRunnerWorker.java:96)
at org.testng.TestNG.runSuitesSequentially(TestNG.java:1180)
at org.testng.TestNG.runSuitesLocally(TestNG.java:1102)
at org.testng.TestNG.runSuites(TestNG.java:1032)
at org.testng.TestNG.run(TestNG.java:1000)
at org.testng.remote.AbstractRemoteTestNG.run(AbstractRemoteTestNG.java:115)
at org.testng.remote.RemoteTestNG.initAndRun(RemoteTestNG.java:251)
at org.testng.remote.RemoteTestNG.main(RemoteTestNG.java:77)
]]>
            </full-stacktrace>
          </exception> <!-- org.openqa.selenium.NoSuchElementException -->
          <reporter-output>
          </reporter-output>
        </test-method> <!-- testFirefox -->
      </class> <!-- Test.Tests -->
    </test> <!-- Default test -->
  </suite> <!-- Default suite -->
</testng-results>
